{"/Users/rholmdahl/projects/feat-pyhtml-handlers/pyhtml/src/pyhtml/client/src/events/handler.ts": {"path":"/Users/rholmdahl/projects/feat-pyhtml-handlers/pyhtml/src/pyhtml/client/src/events/handler.ts","statementMap":{"0":{"start":{"line":6,"column":4},"end":{"line":6,"column":null}},"1":{"start":{"line":7,"column":4},"end":{"line":7,"column":null}},"2":{"start":{"line":11,"column":4},"end":{"line":15,"column":null}},"3":{"start":{"line":18,"column":8},"end":{"line":18,"column":null}},"4":{"start":{"line":25,"column":8},"end":{"line":31,"column":null}},"5":{"start":{"line":26,"column":29},"end":{"line":28,"column":null}},"6":{"start":{"line":30,"column":12},"end":{"line":30,"column":null}},"7":{"start":{"line":30,"column":56},"end":{"line":30,"column":77}},"8":{"start":{"line":38,"column":26},"end":{"line":38,"column":null}},"9":{"start":{"line":39,"column":23},"end":{"line":39,"column":null}},"10":{"start":{"line":43,"column":28},"end":{"line":43,"column":null}},"11":{"start":{"line":46,"column":21},"end":{"line":46,"column":null}},"12":{"start":{"line":47,"column":42},"end":{"line":47,"column":null}},"13":{"start":{"line":50,"column":8},"end":{"line":55,"column":null}},"14":{"start":{"line":51,"column":12},"end":{"line":54,"column":null}},"15":{"start":{"line":52,"column":16},"end":{"line":52,"column":null}},"16":{"start":{"line":53,"column":16},"end":{"line":53,"column":null}},"17":{"start":{"line":60,"column":8},"end":{"line":60,"column":null}},"18":{"start":{"line":60,"column":22},"end":{"line":60,"column":null}},"19":{"start":{"line":63,"column":28},"end":{"line":63,"column":null}},"20":{"start":{"line":64,"column":30},"end":{"line":64,"column":null}},"21":{"start":{"line":65,"column":26},"end":{"line":65,"column":null}},"22":{"start":{"line":65,"column":63},"end":{"line":65,"column":64}},"23":{"start":{"line":70,"column":8},"end":{"line":80,"column":null}},"24":{"start":{"line":77,"column":12},"end":{"line":79,"column":null}},"25":{"start":{"line":78,"column":16},"end":{"line":78,"column":null}},"26":{"start":{"line":83,"column":8},"end":{"line":85,"column":null}},"27":{"start":{"line":84,"column":12},"end":{"line":84,"column":null}},"28":{"start":{"line":88,"column":8},"end":{"line":90,"column":null}},"29":{"start":{"line":89,"column":12},"end":{"line":89,"column":null}},"30":{"start":{"line":89,"column":38},"end":{"line":89,"column":null}},"31":{"start":{"line":93,"column":8},"end":{"line":153,"column":null}},"32":{"start":{"line":99,"column":33},"end":{"line":101,"column":null}},"33":{"start":{"line":100,"column":16},"end":{"line":100,"column":null}},"34":{"start":{"line":103,"column":12},"end":{"line":152,"column":null}},"35":{"start":{"line":104,"column":28},"end":{"line":104,"column":null}},"36":{"start":{"line":106,"column":55},"end":{"line":115,"column":null}},"37":{"start":{"line":117,"column":38},"end":{"line":117,"column":null}},"38":{"start":{"line":130,"column":16},"end":{"line":130,"column":null}},"39":{"start":{"line":130,"column":64},"end":{"line":130,"column":null}},"40":{"start":{"line":131,"column":16},"end":{"line":131,"column":null}},"41":{"start":{"line":131,"column":62},"end":{"line":131,"column":null}},"42":{"start":{"line":132,"column":16},"end":{"line":132,"column":null}},"43":{"start":{"line":132,"column":60},"end":{"line":132,"column":null}},"44":{"start":{"line":133,"column":16},"end":{"line":133,"column":null}},"45":{"start":{"line":133,"column":62},"end":{"line":133,"column":null}},"46":{"start":{"line":140,"column":39},"end":{"line":140,"column":null}},"47":{"start":{"line":140,"column":64},"end":{"line":140,"column":109}},"48":{"start":{"line":141,"column":16},"end":{"line":151,"column":null}},"49":{"start":{"line":142,"column":32},"end":{"line":142,"column":null}},"50":{"start":{"line":143,"column":20},"end":{"line":149,"column":null}},"51":{"start":{"line":144,"column":42},"end":{"line":144,"column":null}},"52":{"start":{"line":145,"column":24},"end":{"line":148,"column":null}},"53":{"start":{"line":146,"column":28},"end":{"line":146,"column":null}},"54":{"start":{"line":147,"column":28},"end":{"line":147,"column":null}},"55":{"start":{"line":150,"column":20},"end":{"line":150,"column":null}},"56":{"start":{"line":150,"column":32},"end":{"line":150,"column":null}},"57":{"start":{"line":157,"column":28},"end":{"line":157,"column":null}},"58":{"start":{"line":157,"column":48},"end":{"line":157,"column":92}},"59":{"start":{"line":158,"column":28},"end":{"line":158,"column":null}},"60":{"start":{"line":158,"column":48},"end":{"line":158,"column":92}},"61":{"start":{"line":161,"column":26},"end":{"line":161,"column":null}},"62":{"start":{"line":162,"column":25},"end":{"line":162,"column":null}},"63":{"start":{"line":164,"column":8},"end":{"line":178,"column":null}},"64":{"start":{"line":165,"column":29},"end":{"line":165,"column":null}},"65":{"start":{"line":167,"column":12},"end":{"line":169,"column":null}},"66":{"start":{"line":168,"column":16},"end":{"line":168,"column":null}},"67":{"start":{"line":171,"column":26},"end":{"line":174,"column":null}},"68":{"start":{"line":172,"column":16},"end":{"line":172,"column":null}},"69":{"start":{"line":173,"column":16},"end":{"line":173,"column":null}},"70":{"start":{"line":176,"column":12},"end":{"line":176,"column":null}},"71":{"start":{"line":177,"column":12},"end":{"line":177,"column":null}},"72":{"start":{"line":180,"column":8},"end":{"line":193,"column":null}},"73":{"start":{"line":181,"column":29},"end":{"line":181,"column":null}},"74":{"start":{"line":182,"column":12},"end":{"line":182,"column":null}},"75":{"start":{"line":182,"column":47},"end":{"line":182,"column":null}},"76":{"start":{"line":184,"column":12},"end":{"line":184,"column":null}},"77":{"start":{"line":187,"column":12},"end":{"line":187,"column":null}},"78":{"start":{"line":189,"column":12},"end":{"line":191,"column":null}},"79":{"start":{"line":190,"column":16},"end":{"line":190,"column":null}},"80":{"start":{"line":192,"column":12},"end":{"line":192,"column":null}},"81":{"start":{"line":196,"column":8},"end":{"line":196,"column":null}},"82":{"start":{"line":203,"column":37},"end":{"line":207,"column":null}},"83":{"start":{"line":210,"column":8},"end":{"line":217,"column":null}},"84":{"start":{"line":211,"column":12},"end":{"line":211,"column":null}},"85":{"start":{"line":212,"column":12},"end":{"line":214,"column":null}},"86":{"start":{"line":213,"column":16},"end":{"line":213,"column":null}},"87":{"start":{"line":215,"column":8},"end":{"line":217,"column":null}},"88":{"start":{"line":216,"column":12},"end":{"line":216,"column":null}},"89":{"start":{"line":220,"column":8},"end":{"line":223,"column":null}},"90":{"start":{"line":221,"column":12},"end":{"line":221,"column":null}},"91":{"start":{"line":222,"column":12},"end":{"line":222,"column":null}},"92":{"start":{"line":226,"column":8},"end":{"line":241,"column":null}},"93":{"start":{"line":227,"column":29},"end":{"line":227,"column":null}},"94":{"start":{"line":228,"column":46},"end":{"line":228,"column":null}},"95":{"start":{"line":229,"column":12},"end":{"line":233,"column":null}},"96":{"start":{"line":230,"column":16},"end":{"line":232,"column":null}},"97":{"start":{"line":231,"column":20},"end":{"line":231,"column":null}},"98":{"start":{"line":234,"column":12},"end":{"line":234,"column":null}},"99":{"start":{"line":243,"column":8},"end":{"line":243,"column":null}},"100":{"start":{"line":252,"column":8},"end":{"line":252,"column":null}},"101":{"start":{"line":256,"column":8},"end":{"line":258,"column":null}},"102":{"start":{"line":257,"column":12},"end":{"line":257,"column":null}},"103":{"start":{"line":259,"column":8},"end":{"line":259,"column":null}},"104":{"start":{"line":263,"column":46},"end":{"line":263,"column":null}},"105":{"start":{"line":264,"column":8},"end":{"line":274,"column":null}},"106":{"start":{"line":265,"column":12},"end":{"line":273,"column":null}},"107":{"start":{"line":266,"column":16},"end":{"line":272,"column":null}},"108":{"start":{"line":267,"column":20},"end":{"line":271,"column":null}},"109":{"start":{"line":268,"column":24},"end":{"line":268,"column":null}},"110":{"start":{"line":270,"column":24},"end":{"line":270,"column":null}},"111":{"start":{"line":275,"column":8},"end":{"line":275,"column":null}}},"fnMap":{"0":{"name":"(anonymous_0)","decl":{"start":{"line":17,"column":4},"end":{"line":17,"column":16}},"loc":{"start":{"line":17,"column":32},"end":{"line":19,"column":null}},"line":17},"1":{"name":"(anonymous_1)","decl":{"start":{"line":24,"column":4},"end":{"line":24,"column":17}},"loc":{"start":{"line":24,"column":17},"end":{"line":32,"column":null}},"line":24},"2":{"name":"(anonymous_2)","decl":{"start":{"line":25,"column":37},"end":{"line":25,"column":50}},"loc":{"start":{"line":25,"column":50},"end":{"line":31,"column":9}},"line":25},"3":{"name":"(anonymous_3)","decl":{"start":{"line":30,"column":49},"end":{"line":30,"column":50}},"loc":{"start":{"line":30,"column":56},"end":{"line":30,"column":77}},"line":30},"4":{"name":"(anonymous_4)","decl":{"start":{"line":37,"column":18},"end":{"line":37,"column":30}},"loc":{"start":{"line":37,"column":55},"end":{"line":197,"column":null}},"line":37},"5":{"name":"(anonymous_5)","decl":{"start":{"line":65,"column":58},"end":{"line":65,"column":63}},"loc":{"start":{"line":65,"column":63},"end":{"line":65,"column":64}},"line":65},"6":{"name":"(anonymous_6)","decl":{"start":{"line":99,"column":50},"end":{"line":99,"column":null}},"loc":{"start":{"line":100,"column":16},"end":{"line":100,"column":null}},"line":100},"7":{"name":"(anonymous_7)","decl":{"start":{"line":140,"column":59},"end":{"line":140,"column":64}},"loc":{"start":{"line":140,"column":64},"end":{"line":140,"column":109}},"line":140},"8":{"name":"(anonymous_8)","decl":{"start":{"line":157,"column":43},"end":{"line":157,"column":48}},"loc":{"start":{"line":157,"column":48},"end":{"line":157,"column":92}},"line":157},"9":{"name":"(anonymous_9)","decl":{"start":{"line":158,"column":43},"end":{"line":158,"column":48}},"loc":{"start":{"line":158,"column":48},"end":{"line":158,"column":92}},"line":158},"10":{"name":"(anonymous_10)","decl":{"start":{"line":171,"column":44},"end":{"line":171,"column":50}},"loc":{"start":{"line":171,"column":50},"end":{"line":174,"column":15}},"line":171},"11":{"name":"(anonymous_11)","decl":{"start":{"line":189,"column":30},"end":{"line":189,"column":36}},"loc":{"start":{"line":189,"column":36},"end":{"line":191,"column":15}},"line":189},"12":{"name":"(anonymous_12)","decl":{"start":{"line":202,"column":12},"end":{"line":202,"column":26}},"loc":{"start":{"line":202,"column":100},"end":{"line":244,"column":null}},"line":202},"13":{"name":"(anonymous_13)","decl":{"start":{"line":229,"column":29},"end":{"line":229,"column":30}},"loc":{"start":{"line":229,"column":45},"end":{"line":233,"column":13}},"line":229},"14":{"name":"(anonymous_14)","decl":{"start":{"line":246,"column":12},"end":{"line":246,"column":26}},"loc":{"start":{"line":246,"column":72},"end":{"line":253,"column":null}},"line":246},"15":{"name":"(anonymous_15)","decl":{"start":{"line":255,"column":12},"end":{"line":255,"column":24}},"loc":{"start":{"line":255,"column":54},"end":{"line":260,"column":null}},"line":255},"16":{"name":"(anonymous_16)","decl":{"start":{"line":262,"column":12},"end":{"line":262,"column":20}},"loc":{"start":{"line":262,"column":63},"end":{"line":276,"column":null}},"line":262}},"branchMap":{"0":{"loc":{"start":{"line":26,"column":29},"end":{"line":28,"column":null}},"type":"cond-expr","locations":[{"start":{"line":27,"column":18},"end":{"line":27,"column":null}},{"start":{"line":28,"column":18},"end":{"line":28,"column":null}}],"line":26},"1":{"loc":{"start":{"line":26,"column":29},"end":{"line":26,"column":null}},"type":"binary-expr","locations":[{"start":{"line":26,"column":29},"end":{"line":26,"column":59}},{"start":{"line":26,"column":59},"end":{"line":26,"column":89}},{"start":{"line":26,"column":89},"end":{"line":26,"column":114}},{"start":{"line":26,"column":114},"end":{"line":26,"column":null}}],"line":26},"2":{"loc":{"start":{"line":46,"column":21},"end":{"line":46,"column":null}},"type":"cond-expr","locations":[{"start":{"line":46,"column":38},"end":{"line":46,"column":57}},{"start":{"line":46,"column":57},"end":{"line":46,"column":null}}],"line":46},"3":{"loc":{"start":{"line":51,"column":12},"end":{"line":54,"column":null}},"type":"if","locations":[{"start":{"line":51,"column":12},"end":{"line":54,"column":null}},{"start":{},"end":{}}],"line":51},"4":{"loc":{"start":{"line":51,"column":16},"end":{"line":51,"column":79}},"type":"binary-expr","locations":[{"start":{"line":51,"column":16},"end":{"line":51,"column":47}},{"start":{"line":51,"column":47},"end":{"line":51,"column":79}}],"line":51},"5":{"loc":{"start":{"line":60,"column":8},"end":{"line":60,"column":null}},"type":"if","locations":[{"start":{"line":60,"column":8},"end":{"line":60,"column":null}},{"start":{},"end":{}}],"line":60},"6":{"loc":{"start":{"line":64,"column":30},"end":{"line":64,"column":null}},"type":"binary-expr","locations":[{"start":{"line":64,"column":30},"end":{"line":64,"column":85}},{"start":{"line":64,"column":85},"end":{"line":64,"column":null}}],"line":64},"7":{"loc":{"start":{"line":70,"column":8},"end":{"line":80,"column":null}},"type":"if","locations":[{"start":{"line":70,"column":8},"end":{"line":80,"column":null}},{"start":{},"end":{}}],"line":70},"8":{"loc":{"start":{"line":70,"column":12},"end":{"line":70,"column":69}},"type":"binary-expr","locations":[{"start":{"line":70,"column":12},"end":{"line":70,"column":45}},{"start":{"line":70,"column":45},"end":{"line":70,"column":69}}],"line":70},"9":{"loc":{"start":{"line":77,"column":12},"end":{"line":79,"column":null}},"type":"if","locations":[{"start":{"line":77,"column":12},"end":{"line":79,"column":null}},{"start":{},"end":{}}],"line":77},"10":{"loc":{"start":{"line":77,"column":16},"end":{"line":77,"column":73}},"type":"binary-expr","locations":[{"start":{"line":77,"column":16},"end":{"line":77,"column":49}},{"start":{"line":77,"column":49},"end":{"line":77,"column":73}}],"line":77},"11":{"loc":{"start":{"line":83,"column":8},"end":{"line":85,"column":null}},"type":"if","locations":[{"start":{"line":83,"column":8},"end":{"line":85,"column":null}},{"start":{},"end":{}}],"line":83},"12":{"loc":{"start":{"line":88,"column":8},"end":{"line":90,"column":null}},"type":"if","locations":[{"start":{"line":88,"column":8},"end":{"line":90,"column":null}},{"start":{},"end":{}}],"line":88},"13":{"loc":{"start":{"line":89,"column":12},"end":{"line":89,"column":null}},"type":"if","locations":[{"start":{"line":89,"column":12},"end":{"line":89,"column":null}},{"start":{},"end":{}}],"line":89},"14":{"loc":{"start":{"line":93,"column":8},"end":{"line":153,"column":null}},"type":"if","locations":[{"start":{"line":93,"column":8},"end":{"line":153,"column":null}},{"start":{},"end":{}}],"line":93},"15":{"loc":{"start":{"line":103,"column":12},"end":{"line":152,"column":null}},"type":"if","locations":[{"start":{"line":103,"column":12},"end":{"line":152,"column":null}},{"start":{},"end":{}}],"line":103},"16":{"loc":{"start":{"line":117,"column":38},"end":{"line":117,"column":null}},"type":"binary-expr","locations":[{"start":{"line":117,"column":38},"end":{"line":117,"column":53}},{"start":{"line":117,"column":53},"end":{"line":117,"column":null}}],"line":117},"17":{"loc":{"start":{"line":130,"column":16},"end":{"line":130,"column":null}},"type":"if","locations":[{"start":{"line":130,"column":16},"end":{"line":130,"column":null}},{"start":{},"end":{}}],"line":130},"18":{"loc":{"start":{"line":130,"column":20},"end":{"line":130,"column":64}},"type":"binary-expr","locations":[{"start":{"line":130,"column":20},"end":{"line":130,"column":51}},{"start":{"line":130,"column":51},"end":{"line":130,"column":64}}],"line":130},"19":{"loc":{"start":{"line":131,"column":16},"end":{"line":131,"column":null}},"type":"if","locations":[{"start":{"line":131,"column":16},"end":{"line":131,"column":null}},{"start":{},"end":{}}],"line":131},"20":{"loc":{"start":{"line":131,"column":20},"end":{"line":131,"column":62}},"type":"binary-expr","locations":[{"start":{"line":131,"column":20},"end":{"line":131,"column":50}},{"start":{"line":131,"column":50},"end":{"line":131,"column":62}}],"line":131},"21":{"loc":{"start":{"line":132,"column":16},"end":{"line":132,"column":null}},"type":"if","locations":[{"start":{"line":132,"column":16},"end":{"line":132,"column":null}},{"start":{},"end":{}}],"line":132},"22":{"loc":{"start":{"line":132,"column":20},"end":{"line":132,"column":60}},"type":"binary-expr","locations":[{"start":{"line":132,"column":20},"end":{"line":132,"column":49}},{"start":{"line":132,"column":49},"end":{"line":132,"column":60}}],"line":132},"23":{"loc":{"start":{"line":133,"column":16},"end":{"line":133,"column":null}},"type":"if","locations":[{"start":{"line":133,"column":16},"end":{"line":133,"column":null}},{"start":{},"end":{}}],"line":133},"24":{"loc":{"start":{"line":133,"column":20},"end":{"line":133,"column":62}},"type":"binary-expr","locations":[{"start":{"line":133,"column":20},"end":{"line":133,"column":50}},{"start":{"line":133,"column":50},"end":{"line":133,"column":62}}],"line":133},"25":{"loc":{"start":{"line":141,"column":16},"end":{"line":151,"column":null}},"type":"if","locations":[{"start":{"line":141,"column":16},"end":{"line":151,"column":null}},{"start":{},"end":{}}],"line":141},"26":{"loc":{"start":{"line":144,"column":42},"end":{"line":144,"column":null}},"type":"binary-expr","locations":[{"start":{"line":144,"column":42},"end":{"line":144,"column":64}},{"start":{"line":144,"column":64},"end":{"line":144,"column":null}}],"line":144},"27":{"loc":{"start":{"line":145,"column":24},"end":{"line":148,"column":null}},"type":"if","locations":[{"start":{"line":145,"column":24},"end":{"line":148,"column":null}},{"start":{},"end":{}}],"line":145},"28":{"loc":{"start":{"line":150,"column":20},"end":{"line":150,"column":null}},"type":"if","locations":[{"start":{"line":150,"column":20},"end":{"line":150,"column":null}},{"start":{},"end":{}}],"line":150},"29":{"loc":{"start":{"line":157,"column":48},"end":{"line":157,"column":92}},"type":"binary-expr","locations":[{"start":{"line":157,"column":48},"end":{"line":157,"column":76}},{"start":{"line":157,"column":76},"end":{"line":157,"column":92}}],"line":157},"30":{"loc":{"start":{"line":158,"column":48},"end":{"line":158,"column":92}},"type":"binary-expr","locations":[{"start":{"line":158,"column":48},"end":{"line":158,"column":76}},{"start":{"line":158,"column":76},"end":{"line":158,"column":92}}],"line":158},"31":{"loc":{"start":{"line":161,"column":26},"end":{"line":161,"column":null}},"type":"binary-expr","locations":[{"start":{"line":161,"column":26},"end":{"line":161,"column":40}},{"start":{"line":161,"column":40},"end":{"line":161,"column":null}}],"line":161},"32":{"loc":{"start":{"line":164,"column":8},"end":{"line":178,"column":null}},"type":"if","locations":[{"start":{"line":164,"column":8},"end":{"line":178,"column":null}},{"start":{},"end":{}}],"line":164},"33":{"loc":{"start":{"line":167,"column":12},"end":{"line":169,"column":null}},"type":"if","locations":[{"start":{"line":167,"column":12},"end":{"line":169,"column":null}},{"start":{},"end":{}}],"line":167},"34":{"loc":{"start":{"line":180,"column":8},"end":{"line":193,"column":null}},"type":"if","locations":[{"start":{"line":180,"column":8},"end":{"line":193,"column":null}},{"start":{},"end":{}}],"line":180},"35":{"loc":{"start":{"line":182,"column":12},"end":{"line":182,"column":null}},"type":"if","locations":[{"start":{"line":182,"column":12},"end":{"line":182,"column":null}},{"start":{},"end":{}}],"line":182},"36":{"loc":{"start":{"line":210,"column":8},"end":{"line":217,"column":null}},"type":"if","locations":[{"start":{"line":210,"column":8},"end":{"line":217,"column":null}},{"start":{"line":215,"column":8},"end":{"line":217,"column":null}}],"line":210},"37":{"loc":{"start":{"line":212,"column":12},"end":{"line":214,"column":null}},"type":"if","locations":[{"start":{"line":212,"column":12},"end":{"line":214,"column":null}},{"start":{},"end":{}}],"line":212},"38":{"loc":{"start":{"line":212,"column":16},"end":{"line":212,"column":73}},"type":"binary-expr","locations":[{"start":{"line":212,"column":16},"end":{"line":212,"column":47}},{"start":{"line":212,"column":47},"end":{"line":212,"column":73}}],"line":212},"39":{"loc":{"start":{"line":215,"column":8},"end":{"line":217,"column":null}},"type":"if","locations":[{"start":{"line":215,"column":8},"end":{"line":217,"column":null}},{"start":{},"end":{}}],"line":215},"40":{"loc":{"start":{"line":215,"column":19},"end":{"line":215,"column":99}},"type":"binary-expr","locations":[{"start":{"line":215,"column":19},"end":{"line":215,"column":61}},{"start":{"line":215,"column":61},"end":{"line":215,"column":99}}],"line":215},"41":{"loc":{"start":{"line":220,"column":8},"end":{"line":223,"column":null}},"type":"if","locations":[{"start":{"line":220,"column":8},"end":{"line":223,"column":null}},{"start":{},"end":{}}],"line":220},"42":{"loc":{"start":{"line":226,"column":8},"end":{"line":241,"column":null}},"type":"if","locations":[{"start":{"line":226,"column":8},"end":{"line":241,"column":null}},{"start":{},"end":{}}],"line":226},"43":{"loc":{"start":{"line":226,"column":12},"end":{"line":226,"column":74}},"type":"binary-expr","locations":[{"start":{"line":226,"column":12},"end":{"line":226,"column":38}},{"start":{"line":226,"column":38},"end":{"line":226,"column":74}}],"line":226},"44":{"loc":{"start":{"line":230,"column":16},"end":{"line":232,"column":null}},"type":"if","locations":[{"start":{"line":230,"column":16},"end":{"line":232,"column":null}},{"start":{},"end":{}}],"line":230},"45":{"loc":{"start":{"line":256,"column":8},"end":{"line":258,"column":null}},"type":"if","locations":[{"start":{"line":256,"column":8},"end":{"line":258,"column":null}},{"start":{},"end":{}}],"line":256},"46":{"loc":{"start":{"line":264,"column":8},"end":{"line":274,"column":null}},"type":"if","locations":[{"start":{"line":264,"column":8},"end":{"line":274,"column":null}},{"start":{},"end":{}}],"line":264},"47":{"loc":{"start":{"line":266,"column":16},"end":{"line":272,"column":null}},"type":"if","locations":[{"start":{"line":266,"column":16},"end":{"line":272,"column":null}},{"start":{},"end":{}}],"line":266},"48":{"loc":{"start":{"line":268,"column":47},"end":{"line":268,"column":77}},"type":"binary-expr","locations":[{"start":{"line":268,"column":47},"end":{"line":268,"column":71}},{"start":{"line":268,"column":71},"end":{"line":268,"column":77}}],"line":268}},"s":{"0":9,"1":9,"2":9,"3":9,"4":9,"5":90,"6":90,"7":62,"8":62,"9":62,"10":62,"11":62,"12":62,"13":62,"14":67,"15":62,"16":62,"17":62,"18":0,"19":62,"20":62,"21":62,"22":62,"23":62,"24":12,"25":12,"26":62,"27":4,"28":62,"29":10,"30":5,"31":57,"32":12,"33":12,"34":12,"35":12,"36":12,"37":12,"38":12,"39":0,"40":12,"41":0,"42":12,"43":0,"44":12,"45":0,"46":12,"47":12,"48":12,"49":12,"50":12,"51":12,"52":12,"53":6,"54":6,"55":12,"56":6,"57":51,"58":32,"59":51,"60":32,"61":51,"62":62,"63":62,"64":14,"65":14,"66":7,"67":14,"68":7,"69":7,"70":14,"71":14,"72":37,"73":0,"74":0,"75":0,"76":0,"77":0,"78":0,"79":0,"80":0,"81":37,"82":44,"83":44,"84":21,"85":21,"86":0,"87":23,"88":0,"89":44,"90":6,"91":6,"92":44,"93":9,"94":9,"95":9,"96":18,"97":18,"98":9,"99":44,"100":14,"101":0,"102":0,"103":0,"104":44,"105":44,"106":44,"107":69,"108":0,"109":0,"110":0,"111":44},"f":{"0":9,"1":9,"2":90,"3":62,"4":62,"5":62,"6":12,"7":12,"8":32,"9":32,"10":7,"11":0,"12":44,"13":18,"14":14,"15":0,"16":44},"b":{"0":[36,54],"1":[90,81,72,63],"2":[62,0],"3":[62,5],"4":[67,67],"5":[0,62],"6":[62,19],"7":[12,50],"8":[62,59],"9":[12,0],"10":[12,9],"11":[4,58],"12":[10,52],"13":[5,5],"14":[12,45],"15":[12,0],"16":[12,12],"17":[0,12],"18":[12,0],"19":[0,12],"20":[12,0],"21":[0,12],"22":[12,0],"23":[0,12],"24":[12,0],"25":[12,0],"26":[12,12],"27":[6,6],"28":[6,6],"29":[32,18],"30":[32,32],"31":[51,0],"32":[14,48],"33":[7,7],"34":[0,37],"35":[0,0],"36":[21,23],"37":[0,21],"38":[21,21],"39":[0,23],"40":[23,23],"41":[6,38],"42":[9,35],"43":[44,9],"44":[18,0],"45":[0,0],"46":[44,0],"47":[0,69],"48":[0,0]},"meta":{"lastBranch":49,"lastFunction":17,"lastStatement":112,"seen":{"f:17:4:17:16":0,"s:6:4:6:Infinity":0,"s:7:4:7:Infinity":1,"s:11:4:15:Infinity":2,"s:18:8:18:Infinity":3,"f:24:4:24:17":1,"s:25:8:31:Infinity":4,"f:25:37:25:50":2,"s:26:29:28:Infinity":5,"b:27:18:27:Infinity:28:18:28:Infinity":0,"b:26:29:26:59:26:59:26:89:26:89:26:114:26:114:26:Infinity":1,"s:30:12:30:Infinity":6,"f:30:49:30:50":3,"s:30:56:30:77":7,"f:37:18:37:30":4,"s:38:26:38:Infinity":8,"s:39:23:39:Infinity":9,"s:43:28:43:Infinity":10,"s:46:21:46:Infinity":11,"b:46:38:46:57:46:57:46:Infinity":2,"s:47:42:47:Infinity":12,"s:50:8:55:Infinity":13,"b:51:12:54:Infinity:undefined:undefined:undefined:undefined":3,"s:51:12:54:Infinity":14,"b:51:16:51:47:51:47:51:79":4,"s:52:16:52:Infinity":15,"s:53:16:53:Infinity":16,"b:60:8:60:Infinity:undefined:undefined:undefined:undefined":5,"s:60:8:60:Infinity":17,"s:60:22:60:Infinity":18,"s:63:28:63:Infinity":19,"s:64:30:64:Infinity":20,"b:64:30:64:85:64:85:64:Infinity":6,"s:65:26:65:Infinity":21,"f:65:58:65:63":5,"s:65:63:65:64":22,"b:70:8:80:Infinity:undefined:undefined:undefined:undefined":7,"s:70:8:80:Infinity":23,"b:70:12:70:45:70:45:70:69":8,"b:77:12:79:Infinity:undefined:undefined:undefined:undefined":9,"s:77:12:79:Infinity":24,"b:77:16:77:49:77:49:77:73":10,"s:78:16:78:Infinity":25,"b:83:8:85:Infinity:undefined:undefined:undefined:undefined":11,"s:83:8:85:Infinity":26,"s:84:12:84:Infinity":27,"b:88:8:90:Infinity:undefined:undefined:undefined:undefined":12,"s:88:8:90:Infinity":28,"b:89:12:89:Infinity:undefined:undefined:undefined:undefined":13,"s:89:12:89:Infinity":29,"s:89:38:89:Infinity":30,"b:93:8:153:Infinity:undefined:undefined:undefined:undefined":14,"s:93:8:153:Infinity":31,"s:99:33:101:Infinity":32,"f:99:50:99:Infinity":6,"s:100:16:100:Infinity":33,"b:103:12:152:Infinity:undefined:undefined:undefined:undefined":15,"s:103:12:152:Infinity":34,"s:104:28:104:Infinity":35,"s:106:55:115:Infinity":36,"s:117:38:117:Infinity":37,"b:117:38:117:53:117:53:117:Infinity":16,"b:130:16:130:Infinity:undefined:undefined:undefined:undefined":17,"s:130:16:130:Infinity":38,"b:130:20:130:51:130:51:130:64":18,"s:130:64:130:Infinity":39,"b:131:16:131:Infinity:undefined:undefined:undefined:undefined":19,"s:131:16:131:Infinity":40,"b:131:20:131:50:131:50:131:62":20,"s:131:62:131:Infinity":41,"b:132:16:132:Infinity:undefined:undefined:undefined:undefined":21,"s:132:16:132:Infinity":42,"b:132:20:132:49:132:49:132:60":22,"s:132:60:132:Infinity":43,"b:133:16:133:Infinity:undefined:undefined:undefined:undefined":23,"s:133:16:133:Infinity":44,"b:133:20:133:50:133:50:133:62":24,"s:133:62:133:Infinity":45,"s:140:39:140:Infinity":46,"f:140:59:140:64":7,"s:140:64:140:109":47,"b:141:16:151:Infinity:undefined:undefined:undefined:undefined":25,"s:141:16:151:Infinity":48,"s:142:32:142:Infinity":49,"s:143:20:149:Infinity":50,"s:144:42:144:Infinity":51,"b:144:42:144:64:144:64:144:Infinity":26,"b:145:24:148:Infinity:undefined:undefined:undefined:undefined":27,"s:145:24:148:Infinity":52,"s:146:28:146:Infinity":53,"s:147:28:147:Infinity":54,"b:150:20:150:Infinity:undefined:undefined:undefined:undefined":28,"s:150:20:150:Infinity":55,"s:150:32:150:Infinity":56,"s:157:28:157:Infinity":57,"f:157:43:157:48":8,"s:157:48:157:92":58,"b:157:48:157:76:157:76:157:92":29,"s:158:28:158:Infinity":59,"f:158:43:158:48":9,"s:158:48:158:92":60,"b:158:48:158:76:158:76:158:92":30,"s:161:26:161:Infinity":61,"b:161:26:161:40:161:40:161:Infinity":31,"s:162:25:162:Infinity":62,"b:164:8:178:Infinity:undefined:undefined:undefined:undefined":32,"s:164:8:178:Infinity":63,"s:165:29:165:Infinity":64,"b:167:12:169:Infinity:undefined:undefined:undefined:undefined":33,"s:167:12:169:Infinity":65,"s:168:16:168:Infinity":66,"s:171:26:174:Infinity":67,"f:171:44:171:50":10,"s:172:16:172:Infinity":68,"s:173:16:173:Infinity":69,"s:176:12:176:Infinity":70,"s:177:12:177:Infinity":71,"b:180:8:193:Infinity:undefined:undefined:undefined:undefined":34,"s:180:8:193:Infinity":72,"s:181:29:181:Infinity":73,"b:182:12:182:Infinity:undefined:undefined:undefined:undefined":35,"s:182:12:182:Infinity":74,"s:182:47:182:Infinity":75,"s:184:12:184:Infinity":76,"s:187:12:187:Infinity":77,"s:189:12:191:Infinity":78,"f:189:30:189:36":11,"s:190:16:190:Infinity":79,"s:192:12:192:Infinity":80,"s:196:8:196:Infinity":81,"f:202:12:202:26":12,"s:203:37:207:Infinity":82,"b:210:8:217:Infinity:215:8:217:Infinity":36,"s:210:8:217:Infinity":83,"s:211:12:211:Infinity":84,"b:212:12:214:Infinity:undefined:undefined:undefined:undefined":37,"s:212:12:214:Infinity":85,"b:212:16:212:47:212:47:212:73":38,"s:213:16:213:Infinity":86,"b:215:8:217:Infinity:undefined:undefined:undefined:undefined":39,"s:215:8:217:Infinity":87,"b:215:19:215:61:215:61:215:99":40,"s:216:12:216:Infinity":88,"b:220:8:223:Infinity:undefined:undefined:undefined:undefined":41,"s:220:8:223:Infinity":89,"s:221:12:221:Infinity":90,"s:222:12:222:Infinity":91,"b:226:8:241:Infinity:undefined:undefined:undefined:undefined":42,"s:226:8:241:Infinity":92,"b:226:12:226:38:226:38:226:74":43,"s:227:29:227:Infinity":93,"s:228:46:228:Infinity":94,"s:229:12:233:Infinity":95,"f:229:29:229:30":13,"b:230:16:232:Infinity:undefined:undefined:undefined:undefined":44,"s:230:16:232:Infinity":96,"s:231:20:231:Infinity":97,"s:234:12:234:Infinity":98,"s:243:8:243:Infinity":99,"f:246:12:246:26":14,"s:252:8:252:Infinity":100,"f:255:12:255:24":15,"b:256:8:258:Infinity:undefined:undefined:undefined:undefined":45,"s:256:8:258:Infinity":101,"s:257:12:257:Infinity":102,"s:259:8:259:Infinity":103,"f:262:12:262:20":16,"s:263:46:263:Infinity":104,"b:264:8:274:Infinity:undefined:undefined:undefined:undefined":46,"s:264:8:274:Infinity":105,"s:265:12:273:Infinity":106,"b:266:16:272:Infinity:undefined:undefined:undefined:undefined":47,"s:266:16:272:Infinity":107,"s:267:20:271:Infinity":108,"s:268:24:268:Infinity":109,"b:268:47:268:71:268:71:268:77":48,"s:270:24:270:Infinity":110,"s:275:8:275:Infinity":111}}}
}
